android_studio/AndroidShutdownExample/app/build/intermediates/manifest_merge_blame_file/release/manifest-merger-blame-release-report.txt
1<?xml version="1.0" encoding="utf-8"?>
2<manifest xmlns:android="http://schemas.android.com/apk/res/android"
3    package="com.adam.app.androidshutdown"
4    android:sharedUserId="android.uid.system"
5    android:versionCode="1"
6    android:versionName="1.0" >
7
8    <uses-sdk
8-->src\main\AndroidManifest.xml:7:5-9:41
9        android:minSdkVersion="17"
9-->src\main\AndroidManifest.xml:8:9-35
10        android:targetSdkVersion="33" />
10-->src\main\AndroidManifest.xml:9:9-38
11
12    <uses-permission android:name="android.permission.REBOOT" />
12-->src\main\AndroidManifest.xml:10:5-64
12-->src\main\AndroidManifest.xml:10:22-62
13    <uses-permission android:name="android.permission.DEVICE_POWER" />
13-->src\main\AndroidManifest.xml:11:5-70
13-->src\main\AndroidManifest.xml:11:22-68
14    <uses-permission android:name="android.permission.SET_TIME" />
14-->src\main\AndroidManifest.xml:12:5-66
14-->src\main\AndroidManifest.xml:12:22-64
15
16    <application
16-->src\main\AndroidManifest.xml:13:5-24:19
17        android:allowBackup="true"
17-->src\main\AndroidManifest.xml:14:10-36
18        android:icon="@drawable/ic_launcher"
18-->src\main\AndroidManifest.xml:15:9-45
19        android:label="@string/app_name"
19-->src\main\AndroidManifest.xml:16:9-41
20        android:theme="@style/AppTheme" >
20-->src\main\AndroidManifest.xml:17:9-40
21        <activity
21-->src\main\AndroidManifest.xml:18:9-23:20
22            android:name="com.adam.app.androidshutdown.MainActivity"
22-->src\main\AndroidManifest.xml:18:19-46
23            android:exported="true" >
23-->src\main\AndroidManifest.xml:18:47-70
24            <intent-filter>
24-->src\main\AndroidManifest.xml:19:13-22:29
25                <action android:name="android.intent.action.MAIN" />
25-->src\main\AndroidManifest.xml:20:17-68
25-->src\main\AndroidManifest.xml:20:25-66
26
27                <category android:name="android.intent.category.LAUNCHER" />
27-->src\main\AndroidManifest.xml:21:17-76
27-->src\main\AndroidManifest.xml:21:27-74
28            </intent-filter>
29        </activity>
30    </application>
31
32</manifest>